<?xml version="1.0" encoding="utf-8"?><testsuites name="pytest tests"><testsuite name="pytest" errors="0" failures="0" skipped="1" tests="6" time="24.035" timestamp="2026-05-04T17:06:17.759481+00:00" hostname="agent-env-62e9ff8c-16d6-4686-819c-59228884437a"><testcase classname="backend.tests.test_betty_api" name="test_health_google_connected" time="1.122" /><testcase classname="backend.tests.test_betty_api" name="test_generate_annonce_full_payload" time="6.543" /><testcase classname="backend.tests.test_betty_api" name="test_biens_list_contains_generated" time="2.519" /><testcase classname="backend.tests.test_betty_api" name="test_change_statut_updates_text_and_sheet" time="10.852" /><testcase classname="backend.tests.test_betty_api" name="test_change_statut_404_for_bad_id" time="0.354" /><testcase classname="backend.tests.test_betty_api" name="test_photo_upload" time="2.524"><skipped type="pytest.skip" message="Drive upload not available: 500 {&quot;detail&quot;:&quot;Upload échoué: &lt;HttpError 403 when requesting https://www.googleapis.com/upload/drive/v3/files?fields=id%2C+webViewLink%2C+webContentLink&amp;supportsAllDrives=true&amp;alt=json&amp;uploadType=multipar">/app/backend/tests/test_betty_api.py:126: Drive upload not available: 500 {"detail":"Upload échoué: &lt;HttpError 403 when requesting https://www.googleapis.com/upload/drive/v3/files?fields=id%2C+webViewLink%2C+webContentLink&amp;supportsAllDrives=true&amp;alt=json&amp;uploadType=multipar</skipped></testcase></testsuite></testsuites>